<?xml version="1.0" encoding="UTF-8"?>
<!-- Generated by org.testng.reporters.JUnitReportReporter -->
<testsuite hostname="LAPTOP-MH5FI01A" failures="0" tests="2" name="ankTest.SeleniumTest" time="0.011" errors="0" timestamp="2021-06-24T19:58:20 IST" skipped="0">
  <testcase classname="ankTest.SeleniumTest" name="locate" time="0.001"/>
  <system-out/>
  <testcase classname="ankTest.SeleniumTest" name="browser" time="0.010"/>
  <system-out/>
</testsuite> <!-- ankTest.SeleniumTest -->
