<?xml version="1.0" encoding="UTF-8"?>
<!-- Generated by org.testng.reporters.JUnitReportReporter -->
<testsuite hostname="LAPTOP-MH5FI01A" failures="0" tests="2" name="ankTest.ApiTest" time="0.008" errors="0" timestamp="2021-06-22T04:38:24 IST" skipped="0">
  <testcase classname="ankTest.ApiTest" name="rest" time="0.008"/>
  <system-out/>
  <testcase classname="ankTest.ApiTest" name="soap" time="0.000"/>
  <system-out/>
</testsuite> <!-- ankTest.ApiTest -->
