<?xml version="1.0" encoding="UTF-8"?>
<!-- Generated by org.testng.reporters.JUnitReportReporter -->
<testsuite hostname="LAPTOP-MH5FI01A" failures="0" tests="2" name="ankTest.AppiumTest" time="0.002" errors="0" timestamp="2021-06-24T19:58:20 IST" skipped="0">
  <testcase classname="ankTest.AppiumTest" name="android" time="0.001"/>
  <system-out/>
  <testcase classname="ankTest.AppiumTest" name="ios" time="0.001"/>
  <system-out/>
</testsuite> <!-- ankTest.AppiumTest -->
