<?xml version="1.0" encoding="UTF-8"?>
<!-- Generated by org.testng.reporters.JUnitReportReporter -->
<testsuite skipped="0" hostname="LAPTOP-MH5FI01A" name="ankTest.ApiTest" tests="2" failures="0" timestamp="2021-06-26T02:09:40 IST" time="0.035" errors="0">
  <testcase name="rest" time="0.035" classname="ankTest.ApiTest"/>
  <system-out/>
  <testcase name="soap" time="0.000" classname="ankTest.ApiTest"/>
  <system-out/>
</testsuite> <!-- ankTest.ApiTest -->
