<?xml version="1.0" encoding="UTF-8"?>
<!-- Generated by org.testng.reporters.JUnitReportReporter -->
<testsuite skipped="0" hostname="LAPTOP-MH5FI01A" name="ankTest.SeleniumTest" tests="2" failures="0" timestamp="2021-06-26T02:09:40 IST" time="0.000" errors="0">
  <testcase name="locate" time="0.000" classname="ankTest.SeleniumTest"/>
  <system-out/>
  <testcase name="browser" time="0.000" classname="ankTest.SeleniumTest"/>
  <system-out/>
</testsuite> <!-- ankTest.SeleniumTest -->
