<?xml version="1.0" encoding="UTF-8"?>
<!-- Generated by org.testng.reporters.JUnitReportReporter -->
<testsuite skipped="0" hostname="LAPTOP-MH5FI01A" name="ankTest.AppiumTest" tests="2" failures="0" timestamp="2021-06-26T02:09:40 IST" time="0.002" errors="0">
  <testcase name="android" time="0.000" classname="ankTest.AppiumTest"/>
  <system-out/>
  <testcase name="ios" time="0.002" classname="ankTest.AppiumTest"/>
  <system-out/>
</testsuite> <!-- ankTest.AppiumTest -->
